[0321/163556.904:ERROR:process_memory_win.cc(73)] ReadMemory at 0x17d96087870 of 72 bytes failed: Only part of a ReadProcessMemory or WriteProcessMemory request was completed. (0x12B)
[0321/163556.919:WARNING:pe_image_annotations_reader.cc(133)] could not read annotations list object in C:\Program Files (x86)\Google\Chrome\Application\72.0.3626.121\chrome_elf.dll
[0321/163556.919:ERROR:process_memory_win.cc(73)] ReadMemory at 0x17d967b1430 of 72 bytes failed: Only part of a ReadProcessMemory or WriteProcessMemory request was completed. (0x12B)
[0321/163556.919:WARNING:pe_image_annotations_reader.cc(133)] could not read annotations list object in C:\Program Files (x86)\Google\Chrome\Application\72.0.3626.121\chrome_child.dll
[0321/163556.919:ERROR:process_memory_win.cc(73)] ReadMemory at 0x17d96090000 of 64 bytes failed: Only part of a ReadProcessMemory or WriteProcessMemory request was completed. (0x12B)
[0321/163556.919:WARNING:pe_image_reader.cc(302)] could not read dos header from C:\Windows\System32\WS2_32.dll
[0321/163556.935:ERROR:process_memory_win.cc(73)] ReadMemory at 0x7161de2000 of 122880 bytes failed: Only part of a ReadProcessMemory or WriteProcessMemory request was completed. (0x12B)
[0321/163556.935:ERROR:process_memory_win.cc(73)] ReadMemory at 0x7161ffe000 of 8192 bytes failed: Only part of a ReadProcessMemory or WriteProcessMemory request was completed. (0x12B)
[0321/163556.935:ERROR:process_memory_win.cc(73)] ReadMemory at 0x71625fe000 of 8192 bytes failed: Only part of a ReadProcessMemory or WriteProcessMemory request was completed. (0x12B)
[0321/163556.935:ERROR:process_memory_win.cc(73)] ReadMemory at 0x71627fe000 of 8192 bytes failed: Only part of a ReadProcessMemory or WriteProcessMemory request was completed. (0x12B)
[0321/163556.935:ERROR:process_memory_win.cc(73)] ReadMemory at 0x71629fd000 of 12288 bytes failed: Only part of a ReadProcessMemory or WriteProcessMemory request was completed. (0x12B)
[0321/163556.935:ERROR:process_memory_win.cc(73)] ReadMemory at 0x7162bff000 of 4096 bytes failed: Only part of a ReadProcessMemory or WriteProcessMemory request was completed. (0x12B)
[0321/163556.935:ERROR:process_memory_win.cc(73)] ReadMemory at 0x7162dfd000 of 12288 bytes failed: Only part of a ReadProcessMemory or WriteProcessMemory request was completed. (0x12B)
[0321/163556.935:ERROR:process_memory_win.cc(73)] ReadMemory at 0x7162ffc000 of 16384 bytes failed: Only part of a ReadProcessMemory or WriteProcessMemory request was completed. (0x12B)
[0321/163556.935:ERROR:process_memory_win.cc(73)] ReadMemory at 0x71631ec000 of 81920 bytes failed: Only part of a ReadProcessMemory or WriteProcessMemory request was completed. (0x12B)
[0321/163556.935:ERROR:process_memory_win.cc(73)] ReadMemory at 0x71633fd000 of 12288 bytes failed: Only part of a ReadProcessMemory or WriteProcessMemory request was completed. (0x12B)
[0321/163556.935:ERROR:process_memory_win.cc(73)] ReadMemory at 0x71637f6000 of 40960 bytes failed: Only part of a ReadProcessMemory or WriteProcessMemory request was completed. (0x12B)
[0321/163556.935:ERROR:process_memory_win.cc(73)] ReadMemory at 0x71639f4000 of 49152 bytes failed: Only part of a ReadProcessMemory or WriteProcessMemory request was completed. (0x12B)
[0321/163556.935:ERROR:process_memory_win.cc(73)] ReadMemory at 0x71643fe000 of 8192 bytes failed: Only part of a ReadProcessMemory or WriteProcessMemory request was completed. (0x12B)
[0321/163556.935:ERROR:process_memory_win.cc(73)] ReadMemory at 0x7163bfe000 of 8192 bytes failed: Only part of a ReadProcessMemory or WriteProcessMemory request was completed. (0x12B)
[0321/163556.935:ERROR:process_memory_win.cc(73)] ReadMemory at 0x71623fd000 of 12288 bytes failed: Only part of a ReadProcessMemory or WriteProcessMemory request was completed. (0x12B)
[0321/163556.935:ERROR:process_memory_win.cc(73)] ReadMemory at 0x71635fd000 of 12288 bytes failed: Only part of a ReadProcessMemory or WriteProcessMemory request was completed. (0x12B)
[0321/163556.935:ERROR:process_memory_win.cc(73)] ReadMemory at 0x71621fe000 of 8192 bytes failed: Only part of a ReadProcessMemory or WriteProcessMemory request was completed. (0x12B)
[0321/163556.935:ERROR:process_memory_win.cc(73)] ReadMemory at 0x7161b3f000 of 852 bytes failed: Only part of a ReadProcessMemory or WriteProcessMemory request was completed. (0x12B)
[0321/163556.935:ERROR:process_memory_win.cc(73)] ReadMemory at 0x7161b40000 of 6024 bytes failed: Only part of a ReadProcessMemory or WriteProcessMemory request was completed. (0x12B)
[0321/163556.935:ERROR:process_memory_win.cc(73)] ReadMemory at 0x7161b42000 of 6024 bytes failed: Only part of a ReadProcessMemory or WriteProcessMemory request was completed. (0x12B)
[0321/163556.935:ERROR:process_memory_win.cc(73)] ReadMemory at 0x7161b48000 of 6024 bytes failed: Only part of a ReadProcessMemory or WriteProcessMemory request was completed. (0x12B)
[0321/163556.935:ERROR:process_memory_win.cc(73)] ReadMemory at 0x7161b4a000 of 6024 bytes failed: Only part of a ReadProcessMemory or WriteProcessMemory request was completed. (0x12B)
[0321/163556.935:ERROR:process_memory_win.cc(73)] ReadMemory at 0x7161b4c000 of 6024 bytes failed: Only part of a ReadProcessMemory or WriteProcessMemory request was completed. (0x12B)
[0321/163556.935:ERROR:process_memory_win.cc(73)] ReadMemory at 0x7161b4e000 of 6024 bytes failed: Only part of a ReadProcessMemory or WriteProcessMemory request was completed. (0x12B)
[0321/163556.935:ERROR:process_memory_win.cc(73)] ReadMemory at 0x7161b50000 of 6024 bytes failed: Only part of a ReadProcessMemory or WriteProcessMemory request was completed. (0x12B)
[0321/163556.935:ERROR:process_memory_win.cc(73)] ReadMemory at 0x7161b52000 of 6024 bytes failed: Only part of a ReadProcessMemory or WriteProcessMemory request was completed. (0x12B)
[0321/163556.935:ERROR:process_memory_win.cc(73)] ReadMemory at 0x7161b54000 of 6024 bytes failed: Only part of a ReadProcessMemory or WriteProcessMemory request was completed. (0x12B)
[0321/163556.935:ERROR:process_memory_win.cc(73)] ReadMemory at 0x7161b56000 of 6024 bytes failed: Only part of a ReadProcessMemory or WriteProcessMemory request was completed. (0x12B)
[0321/163556.935:ERROR:process_memory_win.cc(73)] ReadMemory at 0x7161b5a000 of 6024 bytes failed: Only part of a ReadProcessMemory or WriteProcessMemory request was completed. (0x12B)
[0321/163556.935:ERROR:process_memory_win.cc(73)] ReadMemory at 0x7161b5c000 of 6024 bytes failed: Only part of a ReadProcessMemory or WriteProcessMemory request was completed. (0x12B)
[0321/163556.935:ERROR:process_memory_win.cc(73)] ReadMemory at 0x7161b66000 of 6024 bytes failed: Only part of a ReadProcessMemory or WriteProcessMemory request was completed. (0x12B)
[0321/163556.935:ERROR:process_memory_win.cc(73)] ReadMemory at 0x7161b68000 of 6024 bytes failed: Only part of a ReadProcessMemory or WriteProcessMemory request was completed. (0x12B)
[0321/163556.935:ERROR:process_memory_win.cc(73)] ReadMemory at 0x7161b6c000 of 6024 bytes failed: Only part of a ReadProcessMemory or WriteProcessMemory request was completed. (0x12B)
[0321/163556.935:ERROR:process_memory_win.cc(73)] ReadMemory at 0x7161b6e000 of 6024 bytes failed: Only part of a ReadProcessMemory or WriteProcessMemory request was completed. (0x12B)
[0321/163556.935:ERROR:process_memory_win.cc(73)] ReadMemory at 0x7161b70000 of 6024 bytes failed: Only part of a ReadProcessMemory or WriteProcessMemory request was completed. (0x12B)
[0321/163556.935:ERROR:process_memory_win.cc(73)] ReadMemory at 0x17d95ee0ab0 of 512 bytes failed: Only part of a ReadProcessMemory or WriteProcessMemory request was completed. (0x12B)
[0321/163556.935:ERROR:process_memory_win.cc(73)] ReadMemory at 0x17d95ee0fc0 of 7206 bytes failed: Only part of a ReadProcessMemory or WriteProcessMemory request was completed. (0x12B)
[0321/163556.935:ERROR:process_memory_win.cc(73)] ReadMemory at 0x17d95ee2bf0 of 1012 bytes failed: Only part of a ReadProcessMemory or WriteProcessMemory request was completed. (0x12B)
[0321/163556.935:ERROR:process_memory_win.cc(73)] ReadMemory at 0x17d95ee3208 of 118 bytes failed: Only part of a ReadProcessMemory or WriteProcessMemory request was completed. (0x12B)
[0321/163556.935:ERROR:process_memory_win.cc(73)] ReadMemory at 0x17d95ee3280 of 962 bytes failed: Only part of a ReadProcessMemory or WriteProcessMemory request was completed. (0x12B)
[0321/163556.935:ERROR:process_memory_win.cc(73)] ReadMemory at 0x17d95ee3644 of 118 bytes failed: Only part of a ReadProcessMemory or WriteProcessMemory request was completed. (0x12B)
[0321/163556.935:ERROR:process_memory_win.cc(73)] ReadMemory at 0x17d95ee36bc of 96 bytes failed: Only part of a ReadProcessMemory or WriteProcessMemory request was completed. (0x12B)
[0321/163556.935:ERROR:process_memory_win.cc(73)] ReadMemory at 0x17d95ee3730 of 58 bytes failed: Only part of a ReadProcessMemory or WriteProcessMemory request was completed. (0x12B)
[0321/163556.935:ERROR:process_memory_win.cc(73)] ReadMemory at 0x17d95ee3830 of 132 bytes failed: Only part of a ReadProcessMemory or WriteProcessMemory request was completed. (0x12B)
[0321/163556.935:ERROR:process_memory_win.cc(73)] ReadMemory at 0x17d95ee39c0 of 132 bytes failed: Only part of a ReadProcessMemory or WriteProcessMemory request was completed. (0x12B)
[0321/163556.935:ERROR:process_memory_win.cc(73)] ReadMemory at 0x17d95ee3b80 of 126 bytes failed: Only part of a ReadProcessMemory or WriteProcessMemory request was completed. (0x12B)
[0321/163556.935:ERROR:process_memory_win.cc(73)] ReadMemory at 0x17d95ee3f60 of 132 bytes failed: Only part of a ReadProcessMemory or WriteProcessMemory request was completed. (0x12B)
[0321/163556.935:ERROR:process_memory_win.cc(73)] ReadMemory at 0x17d95ee40f0 of 64 bytes failed: Only part of a ReadProcessMemory or WriteProcessMemory request was completed. (0x12B)
[0321/163556.935:ERROR:process_memory_win.cc(73)] ReadMemory at 0x17d95ee4250 of 132 bytes failed: Only part of a ReadProcessMemory or WriteProcessMemory request was completed. (0x12B)
[0321/163556.935:ERROR:process_memory_win.cc(73)] ReadMemory at 0x17d95ee4450 of 62 bytes failed: Only part of a ReadProcessMemory or WriteProcessMemory request was completed. (0x12B)
[0321/163556.935:ERROR:process_memory_win.cc(73)] ReadMemory at 0x17d95ee4540 of 132 bytes failed: Only part of a ReadProcessMemory or WriteProcessMemory request was completed. (0x12B)
[0321/163556.935:ERROR:process_memory_win.cc(73)] ReadMemory at 0x17d95ee46d0 of 68 bytes failed: Only part of a ReadProcessMemory or WriteProcessMemory request was completed. (0x12B)
[0321/163556.935:ERROR:process_memory_win.cc(73)] ReadMemory at 0x17d95eeab20 of 132 bytes failed: Only part of a ReadProcessMemory or WriteProcessMemory request was completed. (0x12B)
[0321/163556.935:ERROR:process_memory_win.cc(73)] ReadMemory at 0x17d95eead60 of 132 bytes failed: Only part of a ReadProcessMemory or WriteProcessMemory request was completed. (0x12B)
[0321/163556.935:ERROR:process_memory_win.cc(73)] ReadMemory at 0x17d95eeaef0 of 62 bytes failed: Only part of a ReadProcessMemory or WriteProcessMemory request was completed. (0x12B)
[0321/163556.935:ERROR:process_memory_win.cc(73)] ReadMemory at 0x17d95eec660 of 132 bytes failed: Only part of a ReadProcessMemory or WriteProcessMemory request was completed. (0x12B)
[0321/163556.935:ERROR:process_memory_win.cc(73)] ReadMemory at 0x17d95eec7f0 of 60 bytes failed: Only part of a ReadProcessMemory or WriteProcessMemory request was completed. (0x12B)
[0321/163556.935:ERROR:process_memory_win.cc(73)] ReadMemory at 0x17d95eec840 of 94 bytes failed: Only part of a ReadProcessMemory or WriteProcessMemory request was completed. (0x12B)
[0321/163556.935:ERROR:process_memory_win.cc(73)] ReadMemory at 0x17d95eeca40 of 132 bytes failed: Only part of a ReadProcessMemory or WriteProcessMemory request was completed. (0x12B)
[0321/163556.935:ERROR:process_memory_win.cc(73)] ReadMemory at 0x17d95eecbd0 of 64 bytes failed: Only part of a ReadProcessMemory or WriteProcessMemory request was completed. (0x12B)
[0321/163556.935:ERROR:process_memory_win.cc(73)] ReadMemory at 0x17d95eece50 of 132 bytes failed: Only part of a ReadProcessMemory or WriteProcessMemory request was completed. (0x12B)
[0321/163556.935:ERROR:process_memory_win.cc(73)] ReadMemory at 0x17d95eecfe0 of 64 bytes failed: Only part of a ReadProcessMemory or WriteProcessMemory request was completed. (0x12B)
[0321/163556.950:ERROR:process_memory_win.cc(73)] ReadMemory at 0x17d95eed240 of 132 bytes failed: Only part of a ReadProcessMemory or WriteProcessMemory request was completed. (0x12B)
[0321/163556.950:ERROR:process_memory_win.cc(73)] ReadMemory at 0x17d95eed3d0 of 60 bytes failed: Only part of a ReadProcessMemory or WriteProcessMemory request was completed. (0x12B)
[0321/163556.950:ERROR:process_memory_win.cc(73)] ReadMemory at 0x17d95eed6f0 of 132 bytes failed: Only part of a ReadProcessMemory or WriteProcessMemory request was completed. (0x12B)
[0321/163556.950:ERROR:process_memory_win.cc(73)] ReadMemory at 0x17d95eed880 of 60 bytes failed: Only part of a ReadProcessMemory or WriteProcessMemory request was completed. (0x12B)
[0321/163556.950:ERROR:process_memory_win.cc(73)] ReadMemory at 0x17d95eed8d0 of 120 bytes failed: Only part of a ReadProcessMemory or WriteProcessMemory request was completed. (0x12B)
[0321/163556.950:ERROR:process_memory_win.cc(73)] ReadMemory at 0x17d95eedac0 of 132 bytes failed: Only part of a ReadProcessMemory or WriteProcessMemory request was completed. (0x12B)
[0321/163556.950:ERROR:process_memory_win.cc(73)] ReadMemory at 0x17d95eedc50 of 62 bytes failed: Only part of a ReadProcessMemory or WriteProcessMemory request was completed. (0x12B)
[0321/163556.950:ERROR:process_memory_win.cc(73)] ReadMemory at 0x17d95eee7a0 of 132 bytes failed: Only part of a ReadProcessMemory or WriteProcessMemory request was completed. (0x12B)
[0321/163556.950:ERROR:process_memory_win.cc(73)] ReadMemory at 0x17d95eeea40 of 78 bytes failed: Only part of a ReadProcessMemory or WriteProcessMemory request was completed. (0x12B)
[0321/163556.950:ERROR:process_memory_win.cc(73)] ReadMemory at 0x17d95eeee60 of 76 bytes failed: Only part of a ReadProcessMemory or WriteProcessMemory request was completed. (0x12B)
[0321/163556.950:ERROR:process_memory_win.cc(73)] ReadMemory at 0x17d95eeeec0 of 80 bytes failed: Only part of a ReadProcessMemory or WriteProcessMemory request was completed. (0x12B)
[0321/163556.950:ERROR:process_memory_win.cc(73)] ReadMemory at 0x17d95eef270 of 132 bytes failed: Only part of a ReadProcessMemory or WriteProcessMemory request was completed. (0x12B)
[0321/163556.950:ERROR:process_memory_win.cc(73)] ReadMemory at 0x17d95eef750 of 132 bytes failed: Only part of a ReadProcessMemory or WriteProcessMemory request was completed. (0x12B)
[0321/163556.950:ERROR:process_memory_win.cc(73)] ReadMemory at 0x17d95eef880 of 64 bytes failed: Only part of a ReadProcessMemory or WriteProcessMemory request was completed. (0x12B)
[0321/163556.950:ERROR:process_memory_win.cc(73)] ReadMemory at 0x17d95ef09f0 of 132 bytes failed: Only part of a ReadProcessMemory or WriteProcessMemory request was completed. (0x12B)
[0321/163556.950:ERROR:process_memory_win.cc(73)] ReadMemory at 0x17d95ef0c10 of 58 bytes failed: Only part of a ReadProcessMemory or WriteProcessMemory request was completed. (0x12B)
[0321/163556.950:ERROR:process_memory_win.cc(73)] ReadMemory at 0x17d95ef0c60 of 64 bytes failed: Only part of a ReadProcessMemory or WriteProcessMemory request was completed. (0x12B)
[0321/163556.950:ERROR:process_memory_win.cc(73)] ReadMemory at 0x17d95ef0cb0 of 60 bytes failed: Only part of a ReadProcessMemory or WriteProcessMemory request was completed. (0x12B)
[0321/163556.950:ERROR:process_memory_win.cc(73)] ReadMemory at 0x17d95ef0d00 of 62 bytes failed: Only part of a ReadProcessMemory or WriteProcessMemory request was completed. (0x12B)
[0321/163556.950:ERROR:process_memory_win.cc(73)] ReadMemory at 0x17d95ef0d50 of 60 bytes failed: Only part of a ReadProcessMemory or WriteProcessMemory request was completed. (0x12B)
[0321/163556.950:ERROR:process_memory_win.cc(73)] ReadMemory at 0x17d95ef0df0 of 62 bytes failed: Only part of a ReadProcessMemory or WriteProcessMemory request was completed. (0x12B)
[0321/163556.950:ERROR:process_memory_win.cc(73)] ReadMemory at 0x17d95ef0e40 of 66 bytes failed: Only part of a ReadProcessMemory or WriteProcessMemory request was completed. (0x12B)
[0321/163556.950:ERROR:process_memory_win.cc(73)] ReadMemory at 0x17d95ef0e90 of 58 bytes failed: Only part of a ReadProcessMemory or WriteProcessMemory request was completed. (0x12B)
[0321/163556.950:ERROR:process_memory_win.cc(73)] ReadMemory at 0x17d95ef0ee0 of 58 bytes failed: Only part of a ReadProcessMemory or WriteProcessMemory request was completed. (0x12B)
[0321/163556.950:ERROR:process_memory_win.cc(73)] ReadMemory at 0x17d95ef0f30 of 62 bytes failed: Only part of a ReadProcessMemory or WriteProcessMemory request was completed. (0x12B)
[0321/163556.950:ERROR:process_memory_win.cc(73)] ReadMemory at 0x17d95ef0f80 of 62 bytes failed: Only part of a ReadProcessMemory or WriteProcessMemory request was completed. (0x12B)
[0321/163556.950:ERROR:process_memory_win.cc(73)] ReadMemory at 0x17d95ef0fd0 of 66 bytes failed: Only part of a ReadProcessMemory or WriteProcessMemory request was completed. (0x12B)
[0321/163556.950:ERROR:process_memory_win.cc(73)] ReadMemory at 0x17d95ef1020 of 62 bytes failed: Only part of a ReadProcessMemory or WriteProcessMemory request was completed. (0x12B)
[0321/163556.950:ERROR:process_memory_win.cc(73)] ReadMemory at 0x17d95ef11b0 of 60 bytes failed: Only part of a ReadProcessMemory or WriteProcessMemory request was completed. (0x12B)
[0321/163556.950:ERROR:process_memory_win.cc(73)] ReadMemory at 0x17d95ef1330 of 102 bytes failed: Only part of a ReadProcessMemory or WriteProcessMemory request was completed. (0x12B)
[0321/163556.950:ERROR:process_memory_win.cc(73)] ReadMemory at 0x17d95ef1450 of 132 bytes failed: Only part of a ReadProcessMemory or WriteProcessMemory request was completed. (0x12B)
[0321/163556.950:ERROR:process_memory_win.cc(73)] ReadMemory at 0x17d95ef1580 of 132 bytes failed: Only part of a ReadProcessMemory or WriteProcessMemory request was completed. (0x12B)
[0321/163556.950:ERROR:process_memory_win.cc(73)] ReadMemory at 0x17d95ef16b0 of 132 bytes failed: Only part of a ReadProcessMemory or WriteProcessMemory request was completed. (0x12B)
[0321/163556.950:ERROR:process_memory_win.cc(73)] ReadMemory at 0x17d95ef17e0 of 132 bytes failed: Only part of a ReadProcessMemory or WriteProcessMemory request was completed. (0x12B)
[0321/163556.950:ERROR:process_memory_win.cc(73)] ReadMemory at 0x17d95ef1910 of 132 bytes failed: Only part of a ReadProcessMemory or WriteProcessMemory request was completed. (0x12B)
[0321/163556.950:ERROR:process_memory_win.cc(73)] ReadMemory at 0x17d95ef1a40 of 132 bytes failed: Only part of a ReadProcessMemory or WriteProcessMemory request was completed. (0x12B)
[0321/163556.950:ERROR:process_memory_win.cc(73)] ReadMemory at 0x17d95ef1b70 of 132 bytes failed: Only part of a ReadProcessMemory or WriteProcessMemory request was completed. (0x12B)
[0321/163556.950:ERROR:process_memory_win.cc(73)] ReadMemory at 0x17d95ef1ca0 of 132 bytes failed: Only part of a ReadProcessMemory or WriteProcessMemory request was completed. (0x12B)
[0321/163556.950:ERROR:process_memory_win.cc(73)] ReadMemory at 0x17d95ef1dd0 of 132 bytes failed: Only part of a ReadProcessMemory or WriteProcessMemory request was completed. (0x12B)
[0321/163556.950:ERROR:process_memory_win.cc(73)] ReadMemory at 0x17d95ef1f00 of 132 bytes failed: Only part of a ReadProcessMemory or WriteProcessMemory request was completed. (0x12B)
[0321/163556.950:ERROR:process_memory_win.cc(73)] ReadMemory at 0x17d95ef2030 of 132 bytes failed: Only part of a ReadProcessMemory or WriteProcessMemory request was completed. (0x12B)
[0321/163556.950:ERROR:process_memory_win.cc(73)] ReadMemory at 0x17d95ef2160 of 132 bytes failed: Only part of a ReadProcessMemory or WriteProcessMemory request was completed. (0x12B)
[0321/163556.950:ERROR:process_memory_win.cc(73)] ReadMemory at 0x17d95ef2290 of 132 bytes failed: Only part of a ReadProcessMemory or WriteProcessMemory request was completed. (0x12B)
[0321/163556.950:ERROR:process_memory_win.cc(73)] ReadMemory at 0x17d95ef3da0 of 158 bytes failed: Only part of a ReadProcessMemory or WriteProcessMemory request was completed. (0x12B)
[0321/163556.950:ERROR:process_memory_win.cc(73)] ReadMemory at 0x17d95ef3ea0 of 132 bytes failed: Only part of a ReadProcessMemory or WriteProcessMemory request was completed. (0x12B)
[0321/163556.950:ERROR:process_memory_win.cc(73)] ReadMemory at 0x17d95ef3fd0 of 132 bytes failed: Only part of a ReadProcessMemory or WriteProcessMemory request was completed. (0x12B)
[0321/163556.950:ERROR:process_memory_win.cc(73)] ReadMemory at 0x17d95ef4100 of 132 bytes failed: Only part of a ReadProcessMemory or WriteProcessMemory request was completed. (0x12B)
[0321/163556.950:ERROR:process_memory_win.cc(73)] ReadMemory at 0x17d95ef4230 of 132 bytes failed: Only part of a ReadProcessMemory or WriteProcessMemory request was completed. (0x12B)
[0321/163556.950:ERROR:process_memory_win.cc(73)] ReadMemory at 0x17d95ef4360 of 132 bytes failed: Only part of a ReadProcessMemory or WriteProcessMemory request was completed. (0x12B)
[0321/163556.950:ERROR:process_memory_win.cc(73)] ReadMemory at 0x17d95ef4490 of 132 bytes failed: Only part of a ReadProcessMemory or WriteProcessMemory request was completed. (0x12B)
[0321/163556.950:ERROR:process_memory_win.cc(73)] ReadMemory at 0x17d95ef45c0 of 132 bytes failed: Only part of a ReadProcessMemory or WriteProcessMemory request was completed. (0x12B)
[0321/163556.950:ERROR:process_memory_win.cc(73)] ReadMemory at 0x17d95ef46f0 of 132 bytes failed: Only part of a ReadProcessMemory or WriteProcessMemory request was completed. (0x12B)
[0321/163556.950:ERROR:process_memory_win.cc(73)] ReadMemory at 0x17d95ef4820 of 132 bytes failed: Only part of a ReadProcessMemory or WriteProcessMemory request was completed. (0x12B)
[0321/163556.950:ERROR:process_memory_win.cc(73)] ReadMemory at 0x17d95ef4950 of 132 bytes failed: Only part of a ReadProcessMemory or WriteProcessMemory request was completed. (0x12B)
[0321/163556.950:ERROR:process_memory_win.cc(73)] ReadMemory at 0x17d95ef4a80 of 132 bytes failed: Only part of a ReadProcessMemory or WriteProcessMemory request was completed. (0x12B)
[0321/163556.950:ERROR:process_memory_win.cc(73)] ReadMemory at 0x17d95ef4bb0 of 132 bytes failed: Only part of a ReadProcessMemory or WriteProcessMemory request was completed. (0x12B)
[0321/163556.950:ERROR:process_memory_win.cc(73)] ReadMemory at 0x17d95ef4ce0 of 132 bytes failed: Only part of a ReadProcessMemory or WriteProcessMemory request was completed. (0x12B)
[0321/163556.950:ERROR:process_memory_win.cc(73)] ReadMemory at 0x17d95ef4e10 of 132 bytes failed: Only part of a ReadProcessMemory or WriteProcessMemory request was completed. (0x12B)
[0321/163556.950:ERROR:process_memory_win.cc(73)] ReadMemory at 0x17d95ef4f40 of 132 bytes failed: Only part of a ReadProcessMemory or WriteProcessMemory request was completed. (0x12B)
[0321/163556.950:ERROR:process_memory_win.cc(73)] ReadMemory at 0x17d95ef5070 of 132 bytes failed: Only part of a ReadProcessMemory or WriteProcessMemory request was completed. (0x12B)
[0321/163556.950:ERROR:process_memory_win.cc(73)] ReadMemory at 0x17d95ef52d0 of 132 bytes failed: Only part of a ReadProcessMemory or WriteProcessMemory request was completed. (0x12B)
[0321/163556.950:ERROR:process_memory_win.cc(73)] ReadMemory at 0x17d95ef5400 of 132 bytes failed: Only part of a ReadProcessMemory or WriteProcessMemory request was completed. (0x12B)
[0321/163556.950:ERROR:process_memory_win.cc(73)] ReadMemory at 0x17d95ef5530 of 132 bytes failed: Only part of a ReadProcessMemory or WriteProcessMemory request was completed. (0x12B)
[0321/163556.950:ERROR:process_memory_win.cc(73)] ReadMemory at 0x17d95ef5660 of 132 bytes failed: Only part of a ReadProcessMemory or WriteProcessMemory request was completed. (0x12B)
[0321/163556.950:ERROR:process_memory_win.cc(73)] ReadMemory at 0x17d95ef5790 of 132 bytes failed: Only part of a ReadProcessMemory or WriteProcessMemory request was completed. (0x12B)
[0321/163556.950:ERROR:process_memory_win.cc(73)] ReadMemory at 0x17d95ef58c0 of 132 bytes failed: Only part of a ReadProcessMemory or WriteProcessMemory request was completed. (0x12B)
[0321/163556.950:ERROR:process_memory_win.cc(73)] ReadMemory at 0x17d95ef59f0 of 132 bytes failed: Only part of a ReadProcessMemory or WriteProcessMemory request was completed. (0x12B)
[0321/163556.950:ERROR:process_memory_win.cc(73)] ReadMemory at 0x17d95ef5b20 of 132 bytes failed: Only part of a ReadProcessMemory or WriteProcessMemory request was completed. (0x12B)
[0321/163556.950:ERROR:process_memory_win.cc(73)] ReadMemory at 0x17d95ef5c50 of 132 bytes failed: Only part of a ReadProcessMemory or WriteProcessMemory request was completed. (0x12B)
[0321/163556.950:ERROR:process_memory_win.cc(73)] ReadMemory at 0x17d95ef6e70 of 154 bytes failed: Only part of a ReadProcessMemory or WriteProcessMemory request was completed. (0x12B)
[0321/163556.950:ERROR:process_memory_win.cc(73)] ReadMemory at 0x17d95efaa70 of 58 bytes failed: Only part of a ReadProcessMemory or WriteProcessMemory request was completed. (0x12B)
[0321/163556.950:ERROR:process_memory_win.cc(73)] ReadMemory at 0x17d95efaac0 of 66 bytes failed: Only part of a ReadProcessMemory or WriteProcessMemory request was completed. (0x12B)
[0321/163556.950:ERROR:process_memory_win.cc(73)] ReadMemory at 0x17d95efac00 of 66 bytes failed: Only part of a ReadProcessMemory or WriteProcessMemory request was completed. (0x12B)
[0321/163556.950:ERROR:process_memory_win.cc(73)] ReadMemory at 0x17d95f0f1c0 of 60 bytes failed: Only part of a ReadProcessMemory or WriteProcessMemory request was completed. (0x12B)
[0321/163556.950:ERROR:process_memory_win.cc(73)] ReadMemory at 0x17d95f0f3a0 of 64 bytes failed: Only part of a ReadProcessMemory or WriteProcessMemory request was completed. (0x12B)
[0321/163556.950:ERROR:process_memory_win.cc(73)] ReadMemory at 0x17d95f0f3f0 of 60 bytes failed: Only part of a ReadProcessMemory or WriteProcessMemory request was completed. (0x12B)
[0321/163556.950:ERROR:process_memory_win.cc(73)] ReadMemory at 0x17d95f0f580 of 64 bytes failed: Only part of a ReadProcessMemory or WriteProcessMemory request was completed. (0x12B)
[0321/163556.950:ERROR:process_memory_win.cc(73)] ReadMemory at 0x17d95f0f5d0 of 64 bytes failed: Only part of a ReadProcessMemory or WriteProcessMemory request was completed. (0x12B)
[0321/163556.950:ERROR:process_memory_win.cc(73)] ReadMemory at 0x17d95f0f7b0 of 60 bytes failed: Only part of a ReadProcessMemory or WriteProcessMemory request was completed. (0x12B)
[0321/163556.950:ERROR:process_memory_win.cc(73)] ReadMemory at 0x17d95f0f940 of 56 bytes failed: Only part of a ReadProcessMemory or WriteProcessMemory request was completed. (0x12B)
[0321/163556.950:ERROR:process_memory_win.cc(73)] ReadMemory at 0x17d95f0f990 of 64 bytes failed: Only part of a ReadProcessMemory or WriteProcessMemory request was completed. (0x12B)
[0321/163556.950:ERROR:process_memory_win.cc(73)] ReadMemory at 0x17d95f0fa80 of 60 bytes failed: Only part of a ReadProcessMemory or WriteProcessMemory request was completed. (0x12B)
[0321/163556.950:ERROR:process_memory_win.cc(73)] ReadMemory at 0x17d95f0fd00 of 58 bytes failed: Only part of a ReadProcessMemory or WriteProcessMemory request was completed. (0x12B)
[0321/163556.950:ERROR:process_memory_win.cc(73)] ReadMemory at 0x17d95f0fd50 of 64 bytes failed: Only part of a ReadProcessMemory or WriteProcessMemory request was completed. (0x12B)
[0321/163556.950:ERROR:process_memory_win.cc(73)] ReadMemory at 0x17d95f0fda0 of 62 bytes failed: Only part of a ReadProcessMemory or WriteProcessMemory request was completed. (0x12B)
[0321/163556.950:ERROR:process_memory_win.cc(73)] ReadMemory at 0x17d95f14fc0 of 100 bytes failed: Only part of a ReadProcessMemory or WriteProcessMemory request was completed. (0x12B)
[0321/163556.950:ERROR:process_memory_win.cc(73)] ReadMemory at 0x17d95f15110 of 100 bytes failed: Only part of a ReadProcessMemory or WriteProcessMemory request was completed. (0x12B)
[0321/163556.950:ERROR:process_memory_win.cc(73)] ReadMemory at 0x17d95f151f0 of 98 bytes failed: Only part of a ReadProcessMemory or WriteProcessMemory request was completed. (0x12B)
[0321/163556.950:ERROR:process_memory_win.cc(73)] ReadMemory at 0x17d95f218d0 of 104 bytes failed: Only part of a ReadProcessMemory or WriteProcessMemory request was completed. (0x12B)
[0321/163556.950:ERROR:process_memory_win.cc(73)] ReadMemory at 0x17d95f278d0 of 54 bytes failed: Only part of a ReadProcessMemory or WriteProcessMemory request was completed. (0x12B)
[0321/163556.950:ERROR:process_memory_win.cc(73)] ReadMemory at 0x17d95f2e550 of 132 bytes failed: Only part of a ReadProcessMemory or WriteProcessMemory request was completed. (0x12B)
[0321/163556.950:ERROR:process_memory_win.cc(73)] ReadMemory at 0x17d95f2e7b0 of 132 bytes failed: Only part of a ReadProcessMemory or WriteProcessMemory request was completed. (0x12B)
[0321/163556.950:ERROR:process_memory_win.cc(73)] ReadMemory at 0x17d95f2e8e0 of 132 bytes failed: Only part of a ReadProcessMemory or WriteProcessMemory request was completed. (0x12B)
[0321/163556.950:ERROR:process_memory_win.cc(73)] ReadMemory at 0x17d95f2ea10 of 132 bytes failed: Only part of a ReadProcessMemory or WriteProcessMemory request was completed. (0x12B)
[0321/163556.950:ERROR:process_memory_win.cc(73)] ReadMemory at 0x17d95f2eda0 of 132 bytes failed: Only part of a ReadProcessMemory or WriteProcessMemory request was completed. (0x12B)
[0321/163556.950:ERROR:process_memory_win.cc(73)] ReadMemory at 0x17d95f2eed0 of 132 bytes failed: Only part of a ReadProcessMemory or WriteProcessMemory request was completed. (0x12B)
[0321/163556.950:ERROR:process_memory_win.cc(73)] ReadMemory at 0x17d95f2f130 of 132 bytes failed: Only part of a ReadProcessMemory or WriteProcessMemory request was completed. (0x12B)
[0321/163556.950:ERROR:process_memory_win.cc(73)] ReadMemory at 0x17d95f2f260 of 132 bytes failed: Only part of a ReadProcessMemory or WriteProcessMemory request was completed. (0x12B)
[0321/163556.950:ERROR:process_memory_win.cc(73)] ReadMemory at 0x17d95f2f390 of 132 bytes failed: Only part of a ReadProcessMemory or WriteProcessMemory request was completed. (0x12B)
[0321/163556.950:ERROR:process_memory_win.cc(73)] ReadMemory at 0x17d95f2fe40 of 132 bytes failed: Only part of a ReadProcessMemory or WriteProcessMemory request was completed. (0x12B)
[0321/163556.950:ERROR:process_memory_win.cc(73)] ReadMemory at 0x17d95f30300 of 132 bytes failed: Only part of a ReadProcessMemory or WriteProcessMemory request was completed. (0x12B)
[0321/163556.950:ERROR:process_memory_win.cc(73)] ReadMemory at 0x17d95f31130 of 246 bytes failed: Only part of a ReadProcessMemory or WriteProcessMemory request was completed. (0x12B)
[0321/163556.950:ERROR:process_memory_win.cc(73)] ReadMemory at 0x17d95f323c0 of 512 bytes failed: Only part of a ReadProcessMemory or WriteProcessMemory request was completed. (0x12B)
[0321/163556.950:ERROR:process_memory_win.cc(73)] ReadMemory at 0x17d95f32ad0 of 62 bytes failed: Only part of a ReadProcessMemory or WriteProcessMemory request was completed. (0x12B)
[0321/163556.950:ERROR:process_memory_win.cc(73)] ReadMemory at 0x17d95f32b20 of 62 bytes failed: Only part of a ReadProcessMemory or WriteProcessMemory request was completed. (0x12B)
[0321/163556.950:ERROR:process_memory_win.cc(73)] ReadMemory at 0x17d95f32bc0 of 62 bytes failed: Only part of a ReadProcessMemory or WriteProcessMemory request was completed. (0x12B)
[0321/163556.950:ERROR:process_memory_win.cc(73)] ReadMemory at 0x17d95f32e90 of 60 bytes failed: Only part of a ReadProcessMemory or WriteProcessMemory request was completed. (0x12B)
[0321/163556.950:ERROR:process_memory_win.cc(73)] ReadMemory at 0x17d95f32ee0 of 58 bytes failed: Only part of a ReadProcessMemory or WriteProcessMemory request was completed. (0x12B)
[0321/163556.950:ERROR:process_memory_win.cc(73)] ReadMemory at 0x17d95f32f80 of 60 bytes failed: Only part of a ReadProcessMemory or WriteProcessMemory request was completed. (0x12B)
[0321/163556.950:ERROR:process_memory_win.cc(73)] ReadMemory at 0x17d95f33570 of 62 bytes failed: Only part of a ReadProcessMemory or WriteProcessMemory request was completed. (0x12B)
[0321/163556.950:ERROR:process_memory_win.cc(73)] ReadMemory at 0x17d95f33660 of 64 bytes failed: Only part of a ReadProcessMemory or WriteProcessMemory request was completed. (0x12B)
[0321/163556.950:ERROR:process_memory_win.cc(73)] ReadMemory at 0x17d95f33840 of 62 bytes failed: Only part of a ReadProcessMemory or WriteProcessMemory request was completed. (0x12B)
[0321/163556.950:ERROR:process_memory_win.cc(73)] ReadMemory at 0x17d95f339d0 of 64 bytes failed: Only part of a ReadProcessMemory or WriteProcessMemory request was completed. (0x12B)
[0321/163556.950:ERROR:process_memory_win.cc(73)] ReadMemory at 0x17d95f4c1e0 of 512 bytes failed: Only part of a ReadProcessMemory or WriteProcessMemory request was completed. (0x12B)
[0321/163556.950:ERROR:process_memory_win.cc(73)] ReadMemory at 0x17d95f58400 of 512 bytes failed: Only part of a ReadProcessMemory or WriteProcessMemory request was completed. (0x12B)
[0321/163556.950:ERROR:process_memory_win.cc(73)] ReadMemory at 0x17d960718a0 of 512 bytes failed: Only part of a ReadProcessMemory or WriteProcessMemory request was completed. (0x12B)
[0321/163556.950:ERROR:process_memory_win.cc(73)] ReadMemory at 0x17d967e75f0 of 512 bytes failed: Only part of a ReadProcessMemory or WriteProcessMemory request was completed. (0x12B)
[0321/163556.950:ERROR:process_memory_win.cc(73)] ReadMemory at 0x17d967ed3e0 of 512 bytes failed: Only part of a ReadProcessMemory or WriteProcessMemory request was completed. (0x12B)
[0321/163556.950:ERROR:process_memory_win.cc(73)] ReadMemory at 0x17d967fbd90 of 512 bytes failed: Only part of a ReadProcessMemory or WriteProcessMemory request was completed. (0x12B)
[0321/163556.950:ERROR:process_memory_win.cc(73)] ReadMemory at 0x17d96807100 of 512 bytes failed: Only part of a ReadProcessMemory or WriteProcessMemory request was completed. (0x12B)
[0321/163556.950:ERROR:process_memory_win.cc(73)] ReadMemory at 0x17d96809af0 of 696 bytes failed: Only part of a ReadProcessMemory or WriteProcessMemory request was completed. (0x12B)
[0321/163556.950:ERROR:process_memory_win.cc(73)] ReadMemory at 0x17d9680ff10 of 512 bytes failed: Only part of a ReadProcessMemory or WriteProcessMemory request was completed. (0x12B)
[0321/163556.950:ERROR:process_memory_win.cc(73)] ReadMemory at 0x17d9835bab0 of 512 bytes failed: Only part of a ReadProcessMemory or WriteProcessMemory request was completed. (0x12B)
[0321/163556.950:ERROR:process_memory_win.cc(73)] ReadMemory at 0x17d98487000 of 512 bytes failed: Only part of a ReadProcessMemory or WriteProcessMemory request was completed. (0x12B)
[0321/163556.950:ERROR:process_memory_win.cc(73)] ReadMemory at 0x17d991043f8 of 512 bytes failed: Only part of a ReadProcessMemory or WriteProcessMemory request was completed. (0x12B)
[0321/163556.950:ERROR:process_memory_win.cc(73)] ReadMemory at 0x17d9910ef50 of 512 bytes failed: Only part of a ReadProcessMemory or WriteProcessMemory request was completed. (0x12B)
[0321/163556.950:ERROR:process_memory_win.cc(73)] ReadMemory at 0x17d9916ad10 of 512 bytes failed: Only part of a ReadProcessMemory or WriteProcessMemory request was completed. (0x12B)
[0321/163556.950:ERROR:process_memory_win.cc(73)] ReadMemory at 0x17d992317f0 of 512 bytes failed: Only part of a ReadProcessMemory or WriteProcessMemory request was completed. (0x12B)
[0321/163556.950:ERROR:process_memory_win.cc(73)] ReadMemory at 0x17d9af2e360 of 512 bytes failed: Only part of a ReadProcessMemory or WriteProcessMemory request was completed. (0x12B)
[0321/163556.950:ERROR:process_memory_win.cc(73)] ReadMemory at 0x17d9af5f3f8 of 512 bytes failed: Only part of a ReadProcessMemory or WriteProcessMemory request was completed. (0x12B)
[0321/163556.950:ERROR:process_memory_win.cc(73)] ReadMemory at 0x17d9b171f50 of 512 bytes failed: Only part of a ReadProcessMemory or WriteProcessMemory request was completed. (0x12B)
[0321/163556.950:ERROR:process_memory_win.cc(73)] ReadMemory at 0x17d9b44cab0 of 512 bytes failed: Only part of a ReadProcessMemory or WriteProcessMemory request was completed. (0x12B)
[0321/163556.950:ERROR:process_memory_win.cc(73)] ReadMemory at 0x17d9b50a560 of 512 bytes failed: Only part of a ReadProcessMemory or WriteProcessMemory request was completed. (0x12B)
[0321/163556.950:ERROR:process_memory_win.cc(73)] ReadMemory at 0x17d9b663410 of 512 bytes failed: Only part of a ReadProcessMemory or WriteProcessMemory request was completed. (0x12B)
[0321/163556.950:ERROR:process_memory_win.cc(73)] ReadMemory at 0x17d9b6853e0 of 512 bytes failed: Only part of a ReadProcessMemory or WriteProcessMemory request was completed. (0x12B)
[0321/163556.950:ERROR:process_memory_win.cc(73)] ReadMemory at 0x17d9b727f52 of 512 bytes failed: Only part of a ReadProcessMemory or WriteProcessMemory request was completed. (0x12B)
[0321/163556.950:ERROR:process_memory_win.cc(73)] ReadMemory at 0x17d9ba4d1b0 of 512 bytes failed: Only part of a ReadProcessMemory or WriteProcessMemory request was completed. (0x12B)
[0321/163556.950:ERROR:process_memory_win.cc(73)] ReadMemory at 0x17d9bef7ba0 of 512 bytes failed: Only part of a ReadProcessMemory or WriteProcessMemory request was completed. (0x12B)
[0321/163556.950:ERROR:scoped_process_suspend.cc(40)] NtResumeProcess: An attempt was made to access an exiting process. (0xc000010a)
